<?xml version="1.0" encoding="UTF-8"?>
<testng-results skipped="0" failed="0" total="1" passed="1">
  <reporter-output>
  </reporter-output>
  <suite name="Default suite" duration-ms="12617" started-at="2019-06-02T06:39:05Z" finished-at="2019-06-02T06:39:18Z">
    <groups>
    </groups>
    <test name="Default test" duration-ms="12617" started-at="2019-06-02T06:39:05Z" finished-at="2019-06-02T06:39:18Z">
      <class name="gitHubTest.gitHubtest">
        <test-method status="PASS" signature="loginTest()[pri:0, instance:gitHubTest.gitHubtest@45c8e616]" name="loginTest" duration-ms="12595" started-at="2019-06-02T12:09:05Z" finished-at="2019-06-02T12:09:18Z">
          <reporter-output>
          </reporter-output>
        </test-method> <!-- loginTest -->
      </class> <!-- gitHubTest.gitHubtest -->
    </test> <!-- Default test -->
  </suite> <!-- Default suite -->
</testng-results>
